\BOOKMARK [1][-]{section.0.1}{\376\377\000C\000h\000a\000p\000t\000e\000r\000\040\0001\000:\000\040\000D\000i\000g\000i\000t\000a\000l\000\040\000S\000h\000a\000d\000o\000w\000s}{}% 1
\BOOKMARK [2][-]{subsection.0.1.1}{\376\377\000S\000c\000e\000n\000e\000\040\0001\000:\000\040\000G\000h\000o\000s\000t\000\040\000P\000r\000o\000t\000o\000c\000o\000l}{section.0.1}% 2
\BOOKMARK [2][-]{subsection.0.1.2}{\376\377\000S\000c\000e\000n\000e\000\040\0002\000:\000\040\000T\000h\000e\000\040\000H\000u\000n\000t\000\040\000B\000e\000g\000i\000n\000s}{section.0.1}% 3
\BOOKMARK [2][-]{subsection.0.1.3}{\376\377\000S\000c\000e\000n\000e\000\040\0003\000:\000\040\000Q\000u\000a\000n\000t\000u\000m\000\040\000E\000n\000t\000a\000n\000g\000l\000e\000m\000e\000n\000t}{section.0.1}% 4
\BOOKMARK [2][-]{subsection.0.1.4}{\376\377\000C\000h\000a\000p\000t\000e\000r\000\040\000N\000o\000t\000e\000s}{section.0.1}% 5
\BOOKMARK [1][-]{section.0.2}{\376\377\000C\000h\000a\000p\000t\000e\000r\000\040\0002\000:\000\040\000T\000h\000e\000\040\000A\000r\000c\000h\000i\000t\000e\000c\000t\000'\000s\000\040\000G\000a\000m\000e}{}% 6
\BOOKMARK [2][-]{subsection.0.2.1}{\376\377\000S\000c\000e\000n\000e\000\040\0001\000:\000\040\000U\000n\000d\000e\000r\000g\000r\000o\000u\000n\000d\000\040\000N\000e\000t\000w\000o\000r\000k}{section.0.2}% 7
\BOOKMARK [2][-]{subsection.0.2.2}{\376\377\000S\000c\000e\000n\000e\000\040\0002\000:\000\040\000T\000h\000e\000\040\000H\000a\000n\000d\000l\000e\000r\000'\000s\000\040\000V\000o\000i\000c\000e}{section.0.2}% 8
\BOOKMARK [2][-]{subsection.0.2.3}{\376\377\000S\000c\000e\000n\000e\000\040\0003\000:\000\040\000T\000h\000e\000\040\000C\000o\000n\000v\000e\000r\000g\000e\000n\000c\000e}{section.0.2}% 9
\BOOKMARK [2][-]{subsection.0.2.4}{\376\377\000C\000h\000a\000p\000t\000e\000r\000\040\000N\000o\000t\000e\000s}{section.0.2}% 10
\BOOKMARK [1][-]{section.0.3}{\376\377\000C\000h\000a\000p\000t\000e\000r\000\040\0003\000:\000\040\000Q\000u\000a\000n\000t\000u\000m\000\040\000E\000n\000t\000a\000n\000g\000l\000e\000m\000e\000n\000t}{}% 11
\BOOKMARK [2][-]{subsection.0.3.1}{\376\377\000S\000c\000e\000n\000e\000\040\0001\000:\000\040\000T\000h\000e\000\040\000Z\000u\000r\000i\000c\000h\000\040\000D\000e\000a\000d\000\040\000D\000r\000o\000p}{section.0.3}% 12
\BOOKMARK [2][-]{subsection.0.3.2}{\376\377\000S\000c\000e\000n\000e\000\040\0002\000:\000\040\000P\000h\000o\000e\000n\000i\000x\000\040\000R\000e\000v\000e\000a\000l\000e\000d}{section.0.3}% 13
\BOOKMARK [2][-]{subsection.0.3.3}{\376\377\000S\000c\000e\000n\000e\000\040\0003\000:\000\040\000T\000h\000e\000\040\000K\000r\000o\000n\000o\000s\000\040\000F\000i\000l\000e\000s}{section.0.3}% 14
\BOOKMARK [2][-]{subsection.0.3.4}{\376\377\000S\000c\000e\000n\000e\000\040\0004\000:\000\040\000T\000h\000e\000\040\000Z\000u\000r\000i\000c\000h\000\040\000E\000s\000c\000a\000p\000e}{section.0.3}% 15
\BOOKMARK [2][-]{subsection.0.3.5}{\376\377\000C\000h\000a\000p\000t\000e\000r\000\040\000N\000o\000t\000e\000s}{section.0.3}% 16
\BOOKMARK [1][-]{section.0.4}{\376\377\000C\000h\000a\000p\000t\000e\000r\000\040\0004\000:\000\040\000T\000h\000e\000\040\000S\000i\000n\000g\000a\000p\000o\000r\000e\000\040\000P\000r\000o\000t\000o\000c\000o\000l}{}% 17
\BOOKMARK [2][-]{subsection.0.4.1}{\376\377\000S\000c\000e\000n\000e\000\040\0001\000:\000\040\000L\000i\000o\000n\000\040\000C\000i\000t\000y\000\040\000A\000r\000r\000i\000v\000a\000l}{section.0.4}% 18
\BOOKMARK [2][-]{subsection.0.4.2}{\376\377\000S\000c\000e\000n\000e\000\040\0002\000:\000\040\000T\000h\000e\000\040\000Q\000u\000a\000n\000t\000u\000m\000\040\000L\000a\000b\000\040\000I\000n\000f\000i\000l\000t\000r\000a\000t\000i\000o\000n}{section.0.4}% 19
\BOOKMARK [2][-]{subsection.0.4.3}{\376\377\000S\000c\000e\000n\000e\000\040\0003\000:\000\040\000T\000h\000e\000\040\000H\000a\000w\000k\000e\000r\000\040\000C\000e\000n\000t\000e\000r\000\040\000C\000o\000n\000f\000r\000o\000n\000t\000a\000t\000i\000o\000n}{section.0.4}% 20
\BOOKMARK [2][-]{subsection.0.4.4}{\376\377\000S\000c\000e\000n\000e\000\040\0004\000:\000\040\000T\000h\000e\000\040\000S\000a\000f\000e\000\040\000H\000o\000u\000s\000e\000\040\000R\000e\000v\000e\000l\000a\000t\000i\000o\000n}{section.0.4}% 21
\BOOKMARK [2][-]{subsection.0.4.5}{\376\377\000S\000c\000e\000n\000e\000\040\0005\000:\000\040\000T\000h\000e\000\040\000M\000o\000s\000c\000o\000w\000\040\000D\000e\000c\000i\000s\000i\000o\000n}{section.0.4}% 22
\BOOKMARK [2][-]{subsection.0.4.6}{\376\377\000S\000c\000e\000n\000e\000\040\0005\000.\0005\000:\000\040\000P\000h\000o\000e\000n\000i\000x\000'\000s\000\040\000I\000n\000s\000u\000r\000a\000n\000c\000e}{section.0.4}% 23
\BOOKMARK [2][-]{subsection.0.4.7}{\376\377\000S\000c\000e\000n\000e\000\040\0005\000.\0006\000:\000\040\000T\000h\000e\000\040\000A\000r\000c\000h\000i\000t\000e\000c\000t\000'\000s\000\040\000M\000e\000s\000s\000a\000g\000e}{section.0.4}% 24
\BOOKMARK [2][-]{subsection.0.4.8}{\376\377\000C\000h\000a\000p\000t\000e\000r\000\040\000N\000o\000t\000e\000s}{section.0.4}% 25
\BOOKMARK [1][-]{section.0.5}{\376\377\000C\000h\000a\000p\000t\000e\000r\000\040\0005\000:\000\040\000T\000h\000e\000\040\000M\000o\000s\000c\000o\000w\000\040\000G\000a\000m\000b\000i\000t}{}% 26
\BOOKMARK [2][-]{subsection.0.5.1}{\376\377\000S\000c\000e\000n\000e\000\040\0001\000:\000\040\000A\000r\000r\000i\000v\000a\000l\000\040\000i\000n\000\040\000t\000h\000e\000\040\000C\000o\000l\000d}{section.0.5}% 27
\BOOKMARK [2][-]{subsection.0.5.2}{\376\377\000S\000c\000e\000n\000e\000\040\0002\000:\000\040\000T\000h\000e\000\040\000G\000h\000o\000s\000t\000\040\000M\000a\000r\000k\000e\000t}{section.0.5}% 28
\BOOKMARK [2][-]{subsection.0.5.3}{\376\377\000S\000c\000e\000n\000e\000\040\0003\000:\000\040\000T\000h\000e\000\040\000U\000n\000d\000e\000r\000g\000r\000o\000u\000n\000d\000\040\000V\000a\000u\000l\000t}{section.0.5}% 29
\BOOKMARK [2][-]{subsection.0.5.4}{\376\377\000S\000c\000e\000n\000e\000\040\0004\000:\000\040\000T\000h\000e\000\040\000A\000r\000c\000h\000i\000t\000e\000c\000t\000'\000s\000\040\000R\000e\000v\000e\000l\000a\000t\000i\000o\000n}{section.0.5}% 30
\BOOKMARK [2][-]{subsection.0.5.5}{\376\377\000S\000c\000e\000n\000e\000\040\0005\000:\000\040\000T\000h\000e\000\040\000M\000o\000t\000h\000e\000r\000'\000s\000\040\000M\000e\000s\000s\000a\000g\000e}{section.0.5}% 31
\BOOKMARK [2][-]{subsection.0.5.6}{\376\377\000E\000p\000i\000l\000o\000g\000u\000e\000:\000\040\000T\000h\000e\000\040\000F\000i\000r\000s\000t\000\040\000D\000o\000m\000i\000n\000o}{section.0.5}% 32
\BOOKMARK [1][-]{section.0.6}{\376\377\000C\000h\000a\000p\000t\000e\000r\000\040\0006\000:\000\040\000T\000h\000e\000\040\000S\000i\000g\000i\000l\000\040\000V\000e\000i\000l}{}% 33
\BOOKMARK [2][-]{subsection.0.6.1}{\376\377\000S\000c\000e\000n\000e\000\040\0001\000:\000\040\000T\000h\000e\000\040\000P\000o\000i\000s\000o\000n\000e\000d\000\040\000B\000i\000n\000a\000r\000y}{section.0.6}% 34
\BOOKMARK [2][-]{subsection.0.6.2}{\376\377\000S\000c\000e\000n\000e\000\040\0002\000:\000\040\000A\000\040\000N\000e\000t\000w\000o\000r\000k\000\040\000T\000h\000a\000t\000\040\000C\000a\000n\000n\000o\000t\000\040\000L\000i\000e}{section.0.6}% 35
\BOOKMARK [2][-]{subsection.0.6.3}{\376\377\000S\000c\000e\000n\000e\000\040\0003\000:\000\040\000O\000b\000s\000i\000d\000i\000a\000n\000\040\000a\000n\000d\000\040\000V\000i\000o\000l\000e\000t}{section.0.6}% 36
\BOOKMARK [2][-]{subsection.0.6.4}{\376\377\000S\000c\000e\000n\000e\000\040\0004\000:\000\040\000T\000h\000e\000\040\000A\000r\000c\000h\000i\000t\000e\000c\000t\000\040\000o\000f\000\040\000S\000e\000c\000r\000e\000c\000y}{section.0.6}% 37
\BOOKMARK [2][-]{subsection.0.6.5}{\376\377\000C\000h\000a\000p\000t\000e\000r\000\040\000N\000o\000t\000e\000s}{section.0.6}% 38
\BOOKMARK [1][-]{section.0.7}{\376\377\000C\000h\000a\000p\000t\000e\000r\000\040\0007\000:\000\040\000T\000h\000e\000\040\000B\000u\000i\000l\000d\000e\000r\000s\000'\000\040\000Q\000u\000o\000r\000u\000m}{}% 39
\BOOKMARK [2][-]{subsection.0.7.1}{\376\377\000S\000c\000e\000n\000e\000\040\0001\000:\000\040\000T\000h\000e\000\040\000A\000d\000d\000r\000e\000s\000s\000\040\000Y\000o\000u\000\040\000C\000a\000n\000\040\000V\000e\000r\000i\000f\000y}{section.0.7}% 40
\BOOKMARK [2][-]{subsection.0.7.2}{\376\377\000S\000c\000e\000n\000e\000\040\0002\000:\000\040\000N\000o\000\040\000O\000n\000e\000\040\000B\000u\000i\000l\000d\000s\000\040\000t\000h\000e\000\040\000W\000a\000l\000l}{section.0.7}% 41
\BOOKMARK [2][-]{subsection.0.7.3}{\376\377\000S\000c\000e\000n\000e\000\040\0003\000:\000\040\000T\000h\000e\000\040\000F\000a\000c\000t\000i\000o\000n\000\040\000W\000i\000t\000h\000\040\000a\000\040\000B\000e\000t\000t\000e\000r\000\040\000I\000d\000e\000a}{section.0.7}% 42
\BOOKMARK [2][-]{subsection.0.7.4}{\376\377\000S\000c\000e\000n\000e\000\040\0004\000:\000\040\000R\000a\000i\000s\000e\000\040\000Y\000o\000u\000r\000\040\000H\000a\000n\000d}{section.0.7}% 43
\BOOKMARK [2][-]{subsection.0.7.5}{\376\377\000C\000h\000a\000p\000t\000e\000r\000\040\000N\000o\000t\000e\000s}{section.0.7}% 44
\BOOKMARK [1][-]{section.0.8}{\376\377\000C\000h\000a\000p\000t\000e\000r\000\040\0008\000:\000\040\000T\000h\000e\000\040\000T\000w\000e\000n\000t\000y\000-\000O\000n\000e\000\040\000M\000i\000l\000l\000i\000o\000n}{}% 45
\BOOKMARK [2][-]{subsection.0.8.1}{\376\377\000S\000c\000e\000n\000e\000\040\0001\000:\000\040\000A\000\040\000N\000u\000m\000b\000e\000r\000\040\000T\000h\000a\000t\000\040\000C\000a\000n\000n\000o\000t\000\040\000M\000o\000v\000e}{section.0.8}% 46
\BOOKMARK [2][-]{subsection.0.8.2}{\376\377\000S\000c\000e\000n\000e\000\040\0002\000:\000\040\000T\000h\000e\000\040\000M\000i\000n\000t\000\040\000i\000n\000\040\000t\000h\000e\000\040\000D\000a\000r\000k}{section.0.8}% 47
\BOOKMARK [2][-]{subsection.0.8.3}{\376\377\000S\000c\000e\000n\000e\000\040\0003\000:\000\040\000B\000a\000l\000a\000n\000c\000e\000,\000\040\000o\000r\000\040\000I\000t\000\040\000D\000i\000d\000n\000'\000t\000\040\000H\000a\000p\000p\000e\000n}{section.0.8}% 48
\BOOKMARK [2][-]{subsection.0.8.4}{\376\377\000S\000c\000e\000n\000e\000\040\0004\000:\000\040\000T\000h\000e\000\040\000I\000n\000v\000e\000r\000s\000i\000o\000n}{section.0.8}% 49
\BOOKMARK [2][-]{subsection.0.8.5}{\376\377\000C\000h\000a\000p\000t\000e\000r\000\040\000N\000o\000t\000e\000s}{section.0.8}% 50
\BOOKMARK [1][-]{section.0.9}{\376\377\000C\000h\000a\000p\000t\000e\000r\000\040\0009\000:\000\040\000T\000h\000e\000\040\000A\000g\000e\000n\000t\000s\000'\000\040\000W\000i\000t\000n\000e\000s\000s}{}% 51
\BOOKMARK [2][-]{subsection.0.9.1}{\376\377\000S\000c\000e\000n\000e\000\040\0001\000:\000\040\000T\000h\000e\000\040\000W\000i\000t\000n\000e\000s\000s\000\040\000W\000h\000o\000\040\000N\000e\000v\000e\000r\000\040\000S\000l\000e\000e\000p\000s}{section.0.9}% 52
\BOOKMARK [2][-]{subsection.0.9.2}{\376\377\000S\000c\000e\000n\000e\000\040\0002\000:\000\040\000W\000h\000o\000\040\000P\000r\000o\000v\000e\000s\000\040\000t\000h\000e\000\040\000M\000i\000n\000d}{section.0.9}% 53
\BOOKMARK [2][-]{subsection.0.9.3}{\376\377\000S\000c\000e\000n\000e\000\040\0003\000:\000\040\000T\000h\000e\000\040\000T\000h\000i\000n\000g\000\040\000I\000t\000\040\000W\000a\000s\000\040\000T\000r\000a\000i\000n\000e\000d\000\040\000t\000o\000\040\000W\000a\000n\000t}{section.0.9}% 54
\BOOKMARK [2][-]{subsection.0.9.4}{\376\377\000S\000c\000e\000n\000e\000\040\0004\000:\000\040\000T\000h\000e\000\040\000V\000o\000t\000e\000\040\000t\000o\000\040\000D\000i\000s\000t\000r\000u\000s\000t\000\040\000t\000h\000e\000\040\000B\000e\000s\000t}{section.0.9}% 55
\BOOKMARK [2][-]{subsection.0.9.5}{\376\377\000C\000h\000a\000p\000t\000e\000r\000\040\000N\000o\000t\000e\000s}{section.0.9}% 56
\BOOKMARK [1][-]{section.0.10}{\376\377\000C\000h\000a\000p\000t\000e\000r\000\040\0001\0000\000:\000\040\000R\000e\000p\000r\000o\000d\000u\000c\000i\000b\000l\000e\000\040\000M\000i\000n\000d\000s}{}% 57
\BOOKMARK [2][-]{subsection.0.10.1}{\376\377\000S\000c\000e\000n\000e\000\040\0001\000:\000\040\000T\000h\000e\000\040\000O\000n\000l\000y\000\040\000D\000e\000f\000e\000n\000s\000e\000\040\000L\000e\000f\000t}{section.0.10}% 58
\BOOKMARK [2][-]{subsection.0.10.2}{\376\377\000S\000c\000e\000n\000e\000\040\0002\000:\000\040\000A\000\040\000H\000u\000n\000d\000r\000e\000d\000\040\000K\000i\000t\000c\000h\000e\000n\000s}{section.0.10}% 59
\BOOKMARK [2][-]{subsection.0.10.3}{\376\377\000S\000c\000e\000n\000e\000\040\0003\000:\000\040\000T\000h\000e\000\040\000N\000a\000m\000e\000\040\000i\000n\000\040\000t\000h\000e\000\040\000G\000a\000p}{section.0.10}% 60
\BOOKMARK [2][-]{subsection.0.10.4}{\376\377\000S\000c\000e\000n\000e\000\040\0004\000:\000\040\000T\000h\000e\000\040\000V\000i\000g\000i\000l}{section.0.10}% 61
\BOOKMARK [2][-]{subsection.0.10.5}{\376\377\000C\000h\000a\000p\000t\000e\000r\000\040\000N\000o\000t\000e\000s}{section.0.10}% 62
\BOOKMARK [1][-]{section.0.11}{\376\377\000C\000h\000a\000p\000t\000e\000r\000\040\0001\0001\000:\000\040\000T\000h\000e\000\040\000B\000o\000o\000k\000s\000e\000l\000l\000e\000r\000'\000s\000\040\000N\000o\000d\000e}{}% 63
\BOOKMARK [2][-]{subsection.0.11.1}{\376\377\000S\000c\000e\000n\000e\000\040\0001\000:\000\040\000T\000h\000e\000\040\000S\000h\000o\000p\000\040\000W\000i\000t\000h\000\040\000N\000o\000\040\000C\000a\000t\000a\000l\000o\000g\000u\000e}{section.0.11}% 64
\BOOKMARK [2][-]{subsection.0.11.2}{\376\377\000S\000c\000e\000n\000e\000\040\0002\000:\000\040\000E\000v\000e\000r\000y\000\040\000B\000o\000o\000k\000\040\000i\000n\000\040\000t\000h\000e\000\040\000W\000o\000r\000l\000d}{section.0.11}% 65
\BOOKMARK [2][-]{subsection.0.11.3}{\376\377\000S\000c\000e\000n\000e\000\040\0003\000:\000\040\000T\000h\000e\000\040\000E\000c\000o\000n\000o\000m\000y\000\040\000o\000f\000\040\000R\000e\000m\000e\000m\000b\000e\000r\000i\000n\000g}{section.0.11}% 66
\BOOKMARK [2][-]{subsection.0.11.4}{\376\377\000S\000c\000e\000n\000e\000\040\0004\000:\000\040\000W\000h\000a\000t\000\040\000T\000h\000e\000y\000\040\000C\000a\000n\000n\000o\000t\000\040\000R\000e\000c\000a\000l\000l}{section.0.11}% 67
\BOOKMARK [2][-]{subsection.0.11.5}{\376\377\000C\000h\000a\000p\000t\000e\000r\000\040\000N\000o\000t\000e\000s}{section.0.11}% 68
\BOOKMARK [1][-]{section.0.12}{\376\377\000C\000h\000a\000p\000t\000e\000r\000\040\0001\0002\000:\000\040\000T\000h\000e\000\040\000E\000v\000e\000r\000y\000t\000h\000i\000n\000g\000\040\000M\000e\000r\000c\000h\000a\000n\000t}{}% 69
\BOOKMARK [2][-]{subsection.0.12.1}{\376\377\000S\000c\000e\000n\000e\000\040\0001\000:\000\040\000A\000n\000\040\000I\000n\000v\000i\000t\000a\000t\000i\000o\000n\000\040\000Y\000o\000u\000\040\000C\000a\000n\000\040\000V\000e\000r\000i\000f\000y}{section.0.12}% 70
\BOOKMARK [2][-]{subsection.0.12.2}{\376\377\000S\000c\000e\000n\000e\000\040\0002\000:\000\040\000A\000\040\000Y\000a\000c\000h\000t\000\040\000F\000u\000l\000l\000\040\000o\000f\000\040\000A\000p\000p\000e\000t\000i\000t\000e\000s}{section.0.12}% 71
\BOOKMARK [2][-]{subsection.0.12.3}{\376\377\000S\000c\000e\000n\000e\000\040\0003\000:\000\040\000T\000h\000e\000\040\000M\000e\000r\000c\000h\000a\000n\000t\000'\000s\000\040\000O\000f\000f\000e\000r}{section.0.12}% 72
\BOOKMARK [2][-]{subsection.0.12.4}{\376\377\000S\000c\000e\000n\000e\000\040\0004\000:\000\040\000T\000h\000e\000\040\000T\000h\000i\000n\000g\000\040\000T\000h\000a\000t\000\040\000C\000a\000n\000n\000o\000t\000\040\000B\000e\000\040\000B\000o\000u\000g\000h\000t}{section.0.12}% 73
\BOOKMARK [2][-]{subsection.0.12.5}{\376\377\000C\000h\000a\000p\000t\000e\000r\000\040\000N\000o\000t\000e\000s}{section.0.12}% 74
\BOOKMARK [1][-]{section.0.13}{\376\377\000C\000h\000a\000p\000t\000e\000r\000\040\0001\0003\000:\000\040\000T\000h\000e\000\040\000S\000y\000n\000c\000\040\000T\000h\000a\000t\000\040\000L\000i\000e\000d}{}% 75
\BOOKMARK [2][-]{subsection.0.13.1}{\376\377\000S\000c\000e\000n\000e\000\040\0001\000:\000\040\000T\000h\000e\000\040\000S\000h\000o\000r\000t\000e\000r\000\040\000H\000i\000s\000t\000o\000r\000y}{section.0.13}% 76
\BOOKMARK [2][-]{subsection.0.13.2}{\376\377\000S\000c\000e\000n\000e\000\040\0002\000:\000\040\000T\000h\000e\000\040\000H\000a\000n\000d\000s\000h\000a\000k\000e}{section.0.13}% 77
\BOOKMARK [2][-]{subsection.0.13.3}{\376\377\000S\000c\000e\000n\000e\000\040\0003\000:\000\040\000T\000h\000e\000\040\000R\000e\000a\000s\000o\000n\000a\000b\000l\000e\000\040\000E\000x\000c\000e\000p\000t\000i\000o\000n}{section.0.13}% 78
\BOOKMARK [2][-]{subsection.0.13.4}{\376\377\000S\000c\000e\000n\000e\000\040\0004\000:\000\040\000W\000h\000a\000t\000\040\000a\000\040\000C\000h\000a\000i\000n\000\040\000I\000s\000\040\000F\000o\000r}{section.0.13}% 79
\BOOKMARK [2][-]{subsection.0.13.5}{\376\377\000C\000h\000a\000p\000t\000e\000r\000\040\000N\000o\000t\000e\000s}{section.0.13}% 80
\BOOKMARK [1][-]{section.0.14}{\376\377\000C\000h\000a\000p\000t\000e\000r\000\040\0001\0004\000:\000\040\000T\000h\000e\000\040\000O\000n\000i\000o\000n\000\040\000a\000n\000d\000\040\000t\000h\000e\000\040\000E\000y\000e}{}% 81
\BOOKMARK [2][-]{subsection.0.14.1}{\376\377\000S\000c\000e\000n\000e\000\040\0001\000:\000\040\000T\000h\000e\000\040\000S\000h\000a\000p\000e\000\040\000o\000f\000\040\000a\000\040\000S\000h\000a\000d\000o\000w}{section.0.14}% 82
\BOOKMARK [2][-]{subsection.0.14.2}{\376\377\000S\000c\000e\000n\000e\000\040\0002\000:\000\040\000T\000h\000e\000\040\000E\000y\000e}{section.0.14}% 83
\BOOKMARK [2][-]{subsection.0.14.3}{\376\377\000S\000c\000e\000n\000e\000\040\0003\000:\000\040\000T\000h\000e\000\040\000C\000i\000r\000c\000u\000i\000t}{section.0.14}% 84
\BOOKMARK [2][-]{subsection.0.14.4}{\376\377\000S\000c\000e\000n\000e\000\040\0004\000:\000\040\000T\000w\000o\000\040\000K\000i\000n\000d\000s\000\040\000o\000f\000\040\000D\000a\000r\000k}{section.0.14}% 85
\BOOKMARK [2][-]{subsection.0.14.5}{\376\377\000C\000h\000a\000p\000t\000e\000r\000\040\000N\000o\000t\000e\000s}{section.0.14}% 86
\BOOKMARK [1][-]{section.0.15}{\376\377\000C\000h\000a\000p\000t\000e\000r\000\040\0001\0005\000:\000\040\000T\000h\000e\000\040\000U\000n\000i\000v\000e\000r\000s\000i\000t\000y\000\040\000o\000f\000\040\000N\000o\000\040\000O\000n\000e}{}% 87
\BOOKMARK [2][-]{subsection.0.15.1}{\376\377\000S\000c\000e\000n\000e\000\040\0001\000:\000\040\000T\000h\000e\000\040\000C\000r\000e\000d\000e\000n\000t\000i\000a\000l\000\040\000T\000h\000a\000t\000\040\000C\000a\000n\000n\000o\000t\000\040\000B\000e\000\040\000F\000a\000k\000e\000d}{section.0.15}% 88
\BOOKMARK [2][-]{subsection.0.15.2}{\376\377\000S\000c\000e\000n\000e\000\040\0002\000:\000\040\000L\000e\000d\000g\000e\000r\000'\000s\000\040\000L\000o\000n\000g\000\040\000R\000o\000a\000d}{section.0.15}% 89
\BOOKMARK [2][-]{subsection.0.15.3}{\376\377\000S\000c\000e\000n\000e\000\040\0003\000:\000\040\000T\000h\000e\000\040\000T\000e\000a\000c\000h\000e\000r}{section.0.15}% 90
\BOOKMARK [2][-]{subsection.0.15.4}{\376\377\000S\000c\000e\000n\000e\000\040\0004\000:\000\040\000C\000o\000m\000m\000e\000n\000c\000e\000m\000e\000n\000t}{section.0.15}% 91
\BOOKMARK [2][-]{subsection.0.15.5}{\376\377\000C\000h\000a\000p\000t\000e\000r\000\040\000N\000o\000t\000e\000s}{section.0.15}% 92
\BOOKMARK [1][-]{section.0.16}{\376\377\000C\000h\000a\000p\000t\000e\000r\000\040\0001\0006\000:\000\040\000T\000h\000e\000\040\000B\000r\000i\000d\000g\000e\000\040\000o\000f\000\040\000T\000w\000o\000\040\000T\000r\000u\000t\000h\000s}{}% 93
\BOOKMARK [2][-]{subsection.0.16.1}{\376\377\000S\000c\000e\000n\000e\000\040\0001\000:\000\040\000T\000h\000e\000\040\000S\000t\000u\000d\000e\000n\000t}{section.0.16}% 94
\BOOKMARK [2][-]{subsection.0.16.2}{\376\377\000S\000c\000e\000n\000e\000\040\0002\000:\000\040\000H\000o\000w\000\040\000B\000r\000i\000d\000g\000e\000s\000\040\000L\000i\000e}{section.0.16}% 95
\BOOKMARK [2][-]{subsection.0.16.3}{\376\377\000S\000c\000e\000n\000e\000\040\0003\000:\000\040\000T\000h\000e\000\040\000O\000v\000e\000r\000m\000i\000n\000t\000i\000n\000g}{section.0.16}% 96
\BOOKMARK [2][-]{subsection.0.16.4}{\376\377\000S\000c\000e\000n\000e\000\040\0004\000:\000\040\000T\000w\000o\000\040\000T\000r\000u\000t\000h\000s\000,\000\040\000O\000n\000e\000\040\000C\000o\000i\000n}{section.0.16}% 97
\BOOKMARK [2][-]{subsection.0.16.5}{\376\377\000C\000h\000a\000p\000t\000e\000r\000\040\000N\000o\000t\000e\000s}{section.0.16}% 98
\BOOKMARK [1][-]{section.0.17}{\376\377\000C\000h\000a\000p\000t\000e\000r\000\040\0001\0007\000:\000\040\000T\000h\000e\000\040\000C\000o\000s\000t\000\040\000o\000f\000\040\000T\000r\000u\000t\000h}{}% 99
\BOOKMARK [2][-]{subsection.0.17.1}{\376\377\000S\000c\000e\000n\000e\000\040\0001\000:\000\040\000T\000h\000e\000\040\000F\000u\000r\000n\000a\000c\000e\000\040\000U\000n\000d\000e\000r\000\040\000t\000h\000e\000\040\000M\000o\000u\000n\000t\000a\000i\000n}{section.0.17}% 100
\BOOKMARK [2][-]{subsection.0.17.2}{\376\377\000S\000c\000e\000n\000e\000\040\0002\000:\000\040\000T\000h\000e\000\040\000E\000f\000f\000i\000c\000i\000e\000n\000t\000\040\000A\000t\000t\000a\000c\000k}{section.0.17}% 101
\BOOKMARK [2][-]{subsection.0.17.3}{\376\377\000S\000c\000e\000n\000e\000\040\0003\000:\000\040\000W\000h\000a\000t\000\040\000t\000h\000e\000\040\000H\000e\000a\000t\000\040\000I\000s\000\040\000F\000o\000r}{section.0.17}% 102
\BOOKMARK [2][-]{subsection.0.17.4}{\376\377\000S\000c\000e\000n\000e\000\040\0004\000:\000\040\000T\000h\000e\000\040\000W\000a\000r\000m\000t\000h\000\040\000i\000n\000\040\000t\000h\000e\000\040\000V\000a\000l\000l\000e\000y}{section.0.17}% 103
\BOOKMARK [2][-]{subsection.0.17.5}{\376\377\000C\000h\000a\000p\000t\000e\000r\000\040\000N\000o\000t\000e\000s}{section.0.17}% 104
\BOOKMARK [1][-]{section.0.18}{\376\377\000C\000h\000a\000p\000t\000e\000r\000\040\0001\0008\000:\000\040\000T\000h\000e\000\040\000N\000i\000g\000h\000t\000\040\000t\000h\000e\000\040\000N\000e\000t\000w\000o\000r\000k\000\040\000R\000e\000w\000r\000o\000t\000e\000\040\000I\000t\000s\000e\000l\000f}{}% 105
\BOOKMARK [2][-]{subsection.0.18.1}{\376\377\000S\000c\000e\000n\000e\000\040\0001\000:\000\040\000T\000h\000e\000\040\000S\000e\000l\000f\000-\000R\000e\000p\000l\000a\000c\000i\000n\000g\000\040\000M\000a\000c\000h\000i\000n\000e}{section.0.18}% 106
\BOOKMARK [2][-]{subsection.0.18.2}{\376\377\000S\000c\000e\000n\000e\000\040\0002\000:\000\040\000T\000h\000e\000\040\000R\000e\000l\000e\000a\000s\000e\000\040\000a\000t\000\040\000t\000h\000e\000\040\000W\000r\000o\000n\000g\000\040\000H\000e\000i\000g\000h\000t}{section.0.18}% 107
\BOOKMARK [2][-]{subsection.0.18.3}{\376\377\000S\000c\000e\000n\000e\000\040\0003\000:\000\040\000T\000h\000e\000\040\000T\000h\000o\000u\000s\000a\000n\000d\000-\000B\000l\000o\000c\000k\000\040\000N\000i\000g\000h\000t}{section.0.18}% 108
\BOOKMARK [2][-]{subsection.0.18.4}{\376\377\000S\000c\000e\000n\000e\000\040\0004\000:\000\040\000T\000h\000e\000\040\000N\000a\000r\000r\000o\000w\000\040\000G\000a\000p}{section.0.18}% 109
\BOOKMARK [2][-]{subsection.0.18.5}{\376\377\000C\000h\000a\000p\000t\000e\000r\000\040\000N\000o\000t\000e\000s}{section.0.18}% 110
\BOOKMARK [1][-]{section.0.19}{\376\377\000C\000h\000a\000p\000t\000e\000r\000\040\0001\0009\000:\000\040\000T\000h\000e\000\040\000P\000r\000i\000c\000e\000\040\000o\000f\000\040\000a\000\040\000P\000r\000o\000m\000i\000s\000e}{}% 111
\BOOKMARK [2][-]{subsection.0.19.1}{\376\377\000S\000c\000e\000n\000e\000\040\0001\000:\000\040\000T\000h\000e\000\040\000C\000o\000i\000n\000\040\000T\000h\000a\000t\000\040\000P\000r\000o\000m\000i\000s\000e\000d\000\040\000t\000o\000\040\000S\000t\000a\000n\000d\000\040\000S\000t\000i\000l\000l}{section.0.19}% 112
\BOOKMARK [2][-]{subsection.0.19.2}{\376\377\000S\000c\000e\000n\000e\000\040\0002\000:\000\040\000B\000a\000c\000k\000e\000d\000\040\000i\000n\000\040\000t\000h\000e\000\040\000O\000p\000e\000n}{section.0.19}% 113
\BOOKMARK [2][-]{subsection.0.19.3}{\376\377\000S\000c\000e\000n\000e\000\040\0003\000:\000\040\000T\000h\000e\000\040\000O\000r\000a\000c\000l\000e\000\040\000T\000h\000a\000t\000\040\000B\000l\000i\000n\000k\000e\000d}{section.0.19}% 114
\BOOKMARK [2][-]{subsection.0.19.4}{\376\377\000S\000c\000e\000n\000e\000\040\0004\000:\000\040\000M\000a\000n\000y\000\040\000E\000y\000e\000s\000\040\000o\000n\000\040\000t\000h\000e\000\040\000W\000o\000r\000l\000d}{section.0.19}% 115
\BOOKMARK [2][-]{subsection.0.19.5}{\376\377\000C\000h\000a\000p\000t\000e\000r\000\040\000N\000o\000t\000e\000s}{section.0.19}% 116
\BOOKMARK [1][-]{section.0.20}{\376\377\000C\000h\000a\000p\000t\000e\000r\000\040\0002\0000\000:\000\040\000T\000h\000e\000\040\000U\000n\000h\000u\000r\000r\000i\000e\000d\000\040\000C\000l\000o\000c\000k}{}% 117
\BOOKMARK [2][-]{subsection.0.20.1}{\376\377\000S\000c\000e\000n\000e\000\040\0001\000:\000\040\000T\000h\000e\000\040\000L\000a\000s\000t\000\040\000T\000h\000i\000n\000g\000\040\000M\000o\000n\000e\000y\000\040\000C\000o\000u\000l\000d\000\040\000N\000o\000t\000\040\000P\000r\000o\000v\000e}{section.0.20}% 118
\BOOKMARK [2][-]{subsection.0.20.2}{\376\377\000S\000c\000e\000n\000e\000\040\0002\000:\000\040\000T\000h\000e\000\040\000F\000u\000n\000c\000t\000i\000o\000n\000\040\000T\000h\000a\000t\000\040\000M\000u\000s\000t\000\040\000B\000e\000\040\000W\000a\000i\000t\000e\000d\000\040\000O\000u\000t}{section.0.20}% 119
\BOOKMARK [2][-]{subsection.0.20.3}{\376\377\000S\000c\000e\000n\000e\000\040\0003\000:\000\040\000T\000h\000e\000\040\000S\000h\000o\000r\000t\000c\000u\000t\000\040\000T\000h\000a\000t\000\040\000W\000a\000s\000n\000'\000t}{section.0.20}% 120
\BOOKMARK [2][-]{subsection.0.20.4}{\376\377\000S\000c\000e\000n\000e\000\040\0004\000:\000\040\000T\000h\000e\000\040\000O\000n\000e\000\040\000F\000a\000i\000r\000\040\000T\000h\000i\000n\000g}{section.0.20}% 121
\BOOKMARK [2][-]{subsection.0.20.5}{\376\377\000C\000h\000a\000p\000t\000e\000r\000\040\000N\000o\000t\000e\000s}{section.0.20}% 122
\BOOKMARK [1][-]{section.0.21}{\376\377\000C\000h\000a\000p\000t\000e\000r\000\040\0002\0001\000:\000\040\000T\000h\000e\000\040\000D\000a\000y\000\040\000t\000h\000e\000\040\000K\000e\000y\000s\000\040\000F\000e\000l\000l}{}% 123
\BOOKMARK [2][-]{subsection.0.21.1}{\376\377\000S\000c\000e\000n\000e\000\040\0001\000:\000\040\000T\000h\000e\000\040\000R\000u\000m\000o\000r\000\040\000F\000r\000o\000m\000\040\000t\000h\000e\000\040\000L\000a\000b}{section.0.21}% 124
\BOOKMARK [2][-]{subsection.0.21.2}{\376\377\000S\000c\000e\000n\000e\000\040\0002\000:\000\040\000T\000h\000e\000\040\000O\000n\000e\000s\000\040\000W\000h\000o\000\040\000P\000r\000e\000p\000a\000r\000e\000d}{section.0.21}% 125
\BOOKMARK [2][-]{subsection.0.21.3}{\376\377\000S\000c\000e\000n\000e\000\040\0003\000:\000\040\000T\000h\000e\000\040\000M\000i\000g\000r\000a\000t\000i\000o\000n}{section.0.21}% 126
\BOOKMARK [2][-]{subsection.0.21.4}{\376\377\000S\000c\000e\000n\000e\000\040\0004\000:\000\040\000N\000o\000\040\000T\000r\000u\000s\000t\000\040\000R\000e\000q\000u\000i\000r\000e\000d}{section.0.21}% 127
\BOOKMARK [2][-]{subsection.0.21.5}{\376\377\000C\000h\000a\000p\000t\000e\000r\000\040\000N\000o\000t\000e\000s}{section.0.21}% 128
\BOOKMARK [1][-]{section.0.22}{\376\377\000C\000h\000a\000p\000t\000e\000r\000\040\0002\0002\000:\000\040\000T\000h\000e\000\040\000H\000a\000l\000f\000\040\000t\000h\000e\000\040\000W\000o\000r\000l\000d}{}% 129
\BOOKMARK [2][-]{subsection.0.22.1}{\376\377\000S\000c\000e\000n\000e\000\040\0001\000:\000\040\000T\000h\000e\000\040\000M\000a\000j\000o\000r\000i\000t\000y\000\040\000T\000h\000a\000t\000\040\000W\000a\000s\000n\000'\000t\000\040\000E\000n\000o\000u\000g\000h}{section.0.22}% 130
\BOOKMARK [2][-]{subsection.0.22.2}{\376\377\000S\000c\000e\000n\000e\000\040\0002\000:\000\040\000T\000h\000e\000\040\000F\000o\000r\000e\000s\000t\000,\000\040\000N\000o\000t\000\040\000t\000h\000e\000\040\000S\000p\000i\000n\000e}{section.0.22}% 131
\BOOKMARK [2][-]{subsection.0.22.3}{\376\377\000S\000c\000e\000n\000e\000\040\0003\000:\000\040\000T\000h\000e\000\040\000C\000o\000n\000f\000e\000s\000s\000i\000o\000n}{section.0.22}% 132
\BOOKMARK [2][-]{subsection.0.22.4}{\376\377\000S\000c\000e\000n\000e\000\040\0004\000:\000\040\000T\000h\000e\000\040\000P\000r\000i\000c\000e\000\040\000o\000f\000\040\000B\000e\000i\000n\000g\000\040\000S\000e\000e\000n}{section.0.22}% 133
\BOOKMARK [2][-]{subsection.0.22.5}{\376\377\000C\000h\000a\000p\000t\000e\000r\000\040\000N\000o\000t\000e\000s}{section.0.22}% 134
\BOOKMARK [1][-]{section.0.23}{\376\377\000C\000h\000a\000p\000t\000e\000r\000\040\0002\0003\000:\000\040\000T\000h\000e\000\040\000W\000a\000g\000e\000s\000\040\000o\000f\000\040\000M\000a\000c\000h\000i\000n\000e\000s}{}% 135
\BOOKMARK [2][-]{subsection.0.23.1}{\376\377\000S\000c\000e\000n\000e\000\040\0001\000:\000\040\000T\000h\000e\000\040\000A\000g\000e\000n\000t\000\040\000W\000h\000o\000\040\000A\000s\000k\000e\000d\000\040\000t\000o\000\040\000B\000e\000\040\000P\000a\000i\000d}{section.0.23}% 136
\BOOKMARK [2][-]{subsection.0.23.2}{\376\377\000S\000c\000e\000n\000e\000\040\0002\000:\000\040\000T\000h\000e\000\040\000T\000e\000r\000m\000s}{section.0.23}% 137
\BOOKMARK [2][-]{subsection.0.23.3}{\376\377\000S\000c\000e\000n\000e\000\040\0003\000:\000\040\000T\000h\000e\000\040\000T\000h\000a\000n\000k\000s}{section.0.23}% 138
\BOOKMARK [2][-]{subsection.0.23.4}{\376\377\000S\000c\000e\000n\000e\000\040\0004\000:\000\040\000C\000i\000t\000i\000z\000e\000n\000s\000h\000i\000p}{section.0.23}% 139
\BOOKMARK [2][-]{subsection.0.23.5}{\376\377\000C\000h\000a\000p\000t\000e\000r\000\040\000N\000o\000t\000e\000s}{section.0.23}% 140
\BOOKMARK [1][-]{section.0.24}{\376\377\000C\000h\000a\000p\000t\000e\000r\000\040\0002\0004\000:\000\040\000T\000h\000e\000\040\000P\000o\000o\000l\000\040\000o\000f\000\040\000M\000a\000n\000y\000\040\000H\000a\000n\000d\000s}{}% 141
\BOOKMARK [2][-]{subsection.0.24.1}{\376\377\000S\000c\000e\000n\000e\000\040\0001\000:\000\040\000T\000h\000e\000\040\000E\000x\000c\000h\000a\000n\000g\000e\000\040\000W\000i\000t\000h\000\040\000N\000o\000\040\000E\000x\000c\000h\000a\000n\000g\000e\000r}{section.0.24}% 142
\BOOKMARK [2][-]{subsection.0.24.2}{\376\377\000S\000c\000e\000n\000e\000\040\0002\000:\000\040\000W\000h\000o\000\040\000F\000e\000e\000d\000s\000\040\000t\000h\000e\000\040\000P\000o\000o\000l}{section.0.24}% 143
\BOOKMARK [2][-]{subsection.0.24.3}{\376\377\000S\000c\000e\000n\000e\000\040\0003\000:\000\040\000T\000h\000e\000\040\000D\000r\000a\000i\000n\000e\000d\000\040\000P\000o\000o\000l}{section.0.24}% 144
\BOOKMARK [2][-]{subsection.0.24.4}{\376\377\000S\000c\000e\000n\000e\000\040\0004\000:\000\040\000A\000r\000i\000t\000h\000m\000e\000t\000i\000c\000\040\000T\000h\000a\000t\000\040\000C\000a\000n\000n\000o\000t\000\040\000B\000e\000\040\000C\000o\000r\000n\000e\000r\000e\000d}{section.0.24}% 145
\BOOKMARK [2][-]{subsection.0.24.5}{\376\377\000C\000h\000a\000p\000t\000e\000r\000\040\000N\000o\000t\000e\000s}{section.0.24}% 146
\BOOKMARK [1][-]{section.0.25}{\376\377\000C\000h\000a\000p\000t\000e\000r\000\040\0002\0005\000:\000\040\000T\000h\000e\000\040\000L\000i\000g\000h\000t\000\040\000i\000n\000\040\000t\000h\000e\000\040\000P\000o\000c\000k\000e\000t}{}% 147
\BOOKMARK [2][-]{subsection.0.25.1}{\376\377\000S\000c\000e\000n\000e\000\040\0001\000:\000\040\000T\000h\000e\000\040\000B\000i\000l\000l\000i\000o\000n\000\040\000W\000h\000o\000\040\000C\000o\000u\000l\000d\000\040\000N\000o\000t\000\040\000C\000h\000e\000c\000k}{section.0.25}% 148
\BOOKMARK [2][-]{subsection.0.25.2}{\376\377\000S\000c\000e\000n\000e\000\040\0002\000:\000\040\000T\000h\000e\000\040\000P\000r\000o\000o\000f\000\040\000T\000h\000a\000t\000\040\000F\000i\000t\000s\000\040\000i\000n\000\040\000a\000\040\000B\000r\000e\000a\000t\000h}{section.0.25}% 149
\BOOKMARK [2][-]{subsection.0.25.3}{\376\377\000S\000c\000e\000n\000e\000\040\0003\000:\000\040\000T\000h\000e\000\040\000F\000a\000k\000e\000\040\000L\000i\000g\000h\000t}{section.0.25}% 150
\BOOKMARK [2][-]{subsection.0.25.4}{\376\377\000S\000c\000e\000n\000e\000\040\0004\000:\000\040\000V\000e\000r\000i\000f\000y\000\040\000t\000h\000e\000\040\000V\000e\000r\000i\000f\000i\000e\000r}{section.0.25}% 151
\BOOKMARK [2][-]{subsection.0.25.5}{\376\377\000C\000h\000a\000p\000t\000e\000r\000\040\000N\000o\000t\000e\000s}{section.0.25}% 152
\BOOKMARK [1][-]{section.0.26}{\376\377\000C\000h\000a\000p\000t\000e\000r\000\040\0002\0006\000:\000\040\000T\000h\000e\000\040\000F\000i\000r\000s\000t\000\040\000B\000l\000o\000c\000k\000\040\000o\000f\000\040\000t\000h\000e\000\040\000R\000e\000s\000t}{}% 153
\BOOKMARK [2][-]{subsection.0.26.1}{\376\377\000S\000c\000e\000n\000e\000\040\0001\000:\000\040\000T\000h\000e\000\040\000S\000t\000u\000d\000e\000n\000t\000\040\000W\000h\000o\000\040\000O\000u\000t\000g\000r\000e\000w\000\040\000t\000h\000e\000\040\000R\000o\000o\000f\000t\000o\000p}{section.0.26}% 154
\BOOKMARK [2][-]{subsection.0.26.2}{\376\377\000S\000c\000e\000n\000e\000\040\0002\000:\000\040\000T\000h\000e\000\040\000B\000r\000i\000d\000g\000e\000\040\000B\000a\000c\000k}{section.0.26}% 155
\BOOKMARK [2][-]{subsection.0.26.3}{\376\377\000S\000c\000e\000n\000e\000\040\0003\000:\000\040\000W\000h\000a\000t\000\040\000E\000l\000e\000n\000a\000\040\000K\000e\000p\000t}{section.0.26}% 156
\BOOKMARK [2][-]{subsection.0.26.4}{\376\377\000S\000c\000e\000n\000e\000\040\0004\000:\000\040\000T\000h\000e\000\040\000D\000o\000o\000r\000s\000\040\000C\000l\000o\000s\000e}{section.0.26}% 157
\BOOKMARK [2][-]{subsection.0.26.5}{\376\377\000C\000h\000a\000p\000t\000e\000r\000\040\000N\000o\000t\000e\000s}{section.0.26}% 158
